Performing C SOURCE FILE Test CMAKE_HAVE_LIBC_PTHREAD failed with the following output:
Change Dir: /home/frank/Dropbox/Project/udacity_cppnd/CppND-Capstone-Snake-Game/build/CMakeFiles/CMakeTmp

Run Build Command(s):/usr/bin/make cmTC_d2048/fast && /usr/bin/make  -f CMakeFiles/cmTC_d2048.dir/build.make CMakeFiles/cmTC_d2048.dir/build
make[1]: Entering directory '/home/frank/Dropbox/Project/udacity_cppnd/CppND-Capstone-Snake-Game/build/CMakeFiles/CMakeTmp'
Building C object CMakeFiles/cmTC_d2048.dir/src.c.o
/usr/bin/cc   -DCMAKE_HAVE_LIBC_PTHREAD   -o CMakeFiles/cmTC_d2048.dir/src.c.o   -c /home/frank/Dropbox/Project/udacity_cppnd/CppND-Capstone-Snake-Game/build/CMakeFiles/CMakeTmp/src.c
Linking C executable cmTC_d2048
/opt/cmake-3.16.6-Linux-x86_64/bin/cmake -E cmake_link_script CMakeFiles/cmTC_d2048.dir/link.txt --verbose=1
/usr/bin/cc  -DCMAKE_HAVE_LIBC_PTHREAD    CMakeFiles/cmTC_d2048.dir/src.c.o  -o cmTC_d2048 
CMakeFiles/cmTC_d2048.dir/src.c.o: In function `main':
src.c:(.text+0x3e): undefined reference to `pthread_create'
src.c:(.text+0x4a): undefined reference to `pthread_detach'
src.c:(.text+0x5b): undefined reference to `pthread_join'
src.c:(.text+0x6f): undefined reference to `pthread_atfork'
collect2: error: ld returned 1 exit status
CMakeFiles/cmTC_d2048.dir/build.make:89: recipe for target 'cmTC_d2048' failed
make[1]: *** [cmTC_d2048] Error 1
make[1]: Leaving directory '/home/frank/Dropbox/Project/udacity_cppnd/CppND-Capstone-Snake-Game/build/CMakeFiles/CMakeTmp'
Makefile:124: recipe for target 'cmTC_d2048/fast' failed
make: *** [cmTC_d2048/fast] Error 2


Source file was:
#include <pthread.h>

void* test_func(void* data)
{
  return data;
}

int main(void)
{
  pthread_t thread;
  pthread_create(&thread, NULL, test_func, NULL);
  pthread_detach(thread);
  pthread_join(thread, NULL);
  pthread_atfork(NULL, NULL, NULL);
  pthread_exit(NULL);

  return 0;
}

Determining if the function pthread_create exists in the pthreads failed with the following output:
Change Dir: /home/frank/Dropbox/Project/udacity_cppnd/CppND-Capstone-Snake-Game/build/CMakeFiles/CMakeTmp

Run Build Command(s):/usr/bin/make cmTC_5becc/fast && /usr/bin/make  -f CMakeFiles/cmTC_5becc.dir/build.make CMakeFiles/cmTC_5becc.dir/build
make[1]: Entering directory '/home/frank/Dropbox/Project/udacity_cppnd/CppND-Capstone-Snake-Game/build/CMakeFiles/CMakeTmp'
Building C object CMakeFiles/cmTC_5becc.dir/CheckFunctionExists.c.o
/usr/bin/cc   -DCHECK_FUNCTION_EXISTS=pthread_create   -o CMakeFiles/cmTC_5becc.dir/CheckFunctionExists.c.o   -c /opt/cmake-3.16.6-Linux-x86_64/share/cmake-3.16/Modules/CheckFunctionExists.c
Linking C executable cmTC_5becc
/opt/cmake-3.16.6-Linux-x86_64/bin/cmake -E cmake_link_script CMakeFiles/cmTC_5becc.dir/link.txt --verbose=1
/usr/bin/cc  -DCHECK_FUNCTION_EXISTS=pthread_create    CMakeFiles/cmTC_5becc.dir/CheckFunctionExists.c.o  -o cmTC_5becc  -lpthreads 
/usr/bin/ld: cannot find -lpthreads
collect2: error: ld returned 1 exit status
CMakeFiles/cmTC_5becc.dir/build.make:89: recipe for target 'cmTC_5becc' failed
make[1]: *** [cmTC_5becc] Error 1
make[1]: Leaving directory '/home/frank/Dropbox/Project/udacity_cppnd/CppND-Capstone-Snake-Game/build/CMakeFiles/CMakeTmp'
Makefile:124: recipe for target 'cmTC_5becc/fast' failed
make: *** [cmTC_5becc/fast] Error 2



